# JRE version: OpenJDK Runtime Environment (8.0_181-b13) (build 1.8.0_181-8u181-b13-2~deb9u1-b13)
# Java VM: OpenJDK 64-Bit Server VM (25.181-b13 mixed mode linux-amd64 compressed oops)
Heap:
 def new generation   total 235968K, used 111973K [0x00000000d0000000, 0x00000000e0000000, 0x00000000e0000000)
  eden space 209792K,  48% used [0x00000000d0000000, 0x00000000d6275510, 0x00000000dcce0000)
  from space 26176K,  42% used [0x00000000dcce0000, 0x00000000dd7c4008, 0x00000000de670000)
  to   space 26176K,   0% used [0x00000000de670000, 0x00000000de670000, 0x00000000e0000000)
 tenured generation   total 524288K, used 98699K [0x00000000e0000000, 0x0000000100000000, 0x0000000100000000)
   the space 524288K,  18% used [0x00000000e0000000, 0x00000000e6062fc8, 0x00000000e6063000, 0x0000000100000000)
 Metaspace       used 67499K, capacity 70956K, committed 71168K, reserved 1110016K
  class space    used 8697K, capacity 9702K, committed 9728K, reserved 1048576K
GC Heap History (10 events):
Event: 25.324 GC heap before
{Heap before GC invocations=22 (full 3):
 def new generation   total 235968K, used 216001K [0x00000000d0000000, 0x00000000e0000000, 0x00000000e0000000)
  eden space 209792K, 100% used [0x00000000d0000000, 0x00000000dcce0000, 0x00000000dcce0000)
  from space 26176K,  23% used [0x00000000de670000, 0x00000000dec80530, 0x00000000e0000000)
  to   space 26176K,   0% used [0x00000000dcce0000, 0x00000000dcce0000, 0x00000000de670000)
 tenured generation   total 524288K, used 85654K [0x00000000e0000000, 0x0000000100000000, 0x0000000100000000)
   the space 524288K,  16% used [0x00000000e0000000, 0x00000000e53a5bf0, 0x00000000e53a5c00, 0x0000000100000000)
 Metaspace       used 62383K, capacity 63840K, committed 64128K, reserved 1105920K
  class space    used 7770K, capacity 8245K, committed 8320K, reserved 1048576K
Event: 25.371 GC heap after
Heap after GC invocations=23 (full 3):
 def new generation   total 235968K, used 9226K [0x00000000d0000000, 0x00000000e0000000, 0x00000000e0000000)
  eden space 209792K,   0% used [0x00000000d0000000, 0x00000000d0000000, 0x00000000dcce0000)
  from space 26176K,  35% used [0x00000000dcce0000, 0x00000000dd5e2a08, 0x00000000de670000)
  to   space 26176K,   0% used [0x00000000de670000, 0x00000000de670000, 0x00000000e0000000)
 tenured generation   total 524288K, used 85654K [0x00000000e0000000, 0x0000000100000000, 0x0000000100000000)
   the space 524288K,  16% used [0x00000000e0000000, 0x00000000e53a5bf0, 0x00000000e53a5c00, 0x0000000100000000)
 Metaspace       used 62383K, capacity 63840K, committed 64128K, reserved 1105920K
  class space    used 7770K, capacity 8245K, committed 8320K, reserved 1048576K
}
Event: 75.389 GC heap before
{Heap before GC invocations=23 (full 3):
 def new generation   total 235968K, used 219018K [0x00000000d0000000, 0x00000000e0000000, 0x00000000e0000000)
  eden space 209792K, 100% used [0x00000000d0000000, 0x00000000dcce0000, 0x00000000dcce0000)
  from space 26176K,  35% used [0x00000000dcce0000, 0x00000000dd5e2a08, 0x00000000de670000)
  to   space 26176K,   0% used [0x00000000de670000, 0x00000000de670000, 0x00000000e0000000)
 tenured generation   total 524288K, used 85654K [0x00000000e0000000, 0x0000000100000000, 0x0000000100000000)
   the space 524288K,  16% used [0x00000000e0000000, 0x00000000e53a5bf0, 0x00000000e53a5c00, 0x0000000100000000)
 Metaspace       used 63799K, capacity 65762K, committed 66048K, reserved 1105920K
  class space    used 8039K, capacity 8670K, committed 8704K, reserved 1048576K
Event: 75.466 GC heap after
Heap after GC invocations=24 (full 3):
 def new generation   total 235968K, used 13773K [0x00000000d0000000, 0x00000000e0000000, 0x00000000e0000000)
  eden space 209792K,   0% used [0x00000000d0000000, 0x00000000d0000000, 0x00000000dcce0000)
  from space 26176K,  52% used [0x00000000de670000, 0x00000000df3e3508, 0x00000000e0000000)
  to   space 26176K,   0% used [0x00000000dcce0000, 0x00000000dcce0000, 0x00000000de670000)
 tenured generation   total 524288K, used 85654K [0x00000000e0000000, 0x0000000100000000, 0x0000000100000000)
   the space 524288K,  16% used [0x00000000e0000000, 0x00000000e53a5bf0, 0x00000000e53a5c00, 0x0000000100000000)
 Metaspace       used 63799K, capacity 65762K, committed 66048K, reserved 1105920K
  class space    used 8039K, capacity 8670K, committed 8704K, reserved 1048576K
}
Event: 145.704 GC heap before
{Heap before GC invocations=24 (full 3):
 def new generation   total 235968K, used 223565K [0x00000000d0000000, 0x00000000e0000000, 0x00000000e0000000)
  eden space 209792K, 100% used [0x00000000d0000000, 0x00000000dcce0000, 0x00000000dcce0000)
  from space 26176K,  52% used [0x00000000de670000, 0x00000000df3e3508, 0x00000000e0000000)
  to   space 26176K,   0% used [0x00000000dcce0000, 0x00000000dcce0000, 0x00000000de670000)
 tenured generation   total 524288K, used 85654K [0x00000000e0000000, 0x0000000100000000, 0x0000000100000000)
   the space 524288K,  16% used [0x00000000e0000000, 0x00000000e53a5bf0, 0x00000000e53a5c00, 0x0000000100000000)
 Metaspace       used 65065K, capacity 67620K, committed 67840K, reserved 1107968K
  class space    used 8299K, capacity 9090K, committed 9216K, reserved 1048576K
Event: 145.858 GC heap after
Heap after GC invocations=25 (full 3):
 def new generation   total 235968K, used 15163K [0x00000000d0000000, 0x00000000e0000000, 0x00000000e0000000)
  eden space 209792K,   0% used [0x00000000d0000000, 0x00000000d0000000, 0x00000000dcce0000)
  from space 26176K,  57% used [0x00000000dcce0000, 0x00000000ddbaecd8, 0x00000000de670000)
  to   space 26176K,   0% used [0x00000000de670000, 0x00000000de670000, 0x00000000e0000000)
 tenured generation   total 524288K, used 89766K [0x00000000e0000000, 0x0000000100000000, 0x0000000100000000)
   the space 524288K,  17% used [0x00000000e0000000, 0x00000000e57a9b30, 0x00000000e57a9c00, 0x0000000100000000)
 Metaspace       used 65065K, capacity 67620K, committed 67840K, reserved 1107968K
  class space    used 8299K, capacity 9090K, committed 9216K, reserved 1048576K
}
Event: 213.250 GC heap before
{Heap before GC invocations=25 (full 3):
 def new generation   total 235968K, used 224955K [0x00000000d0000000, 0x00000000e0000000, 0x00000000e0000000)
  eden space 209792K, 100% used [0x00000000d0000000, 0x00000000dcce0000, 0x00000000dcce0000)
  from space 26176K,  57% used [0x00000000dcce0000, 0x00000000ddbaecd8, 0x00000000de670000)
  to   space 26176K,   0% used [0x00000000de670000, 0x00000000de670000, 0x00000000e0000000)
 tenured generation   total 524288K, used 89766K [0x00000000e0000000, 0x0000000100000000, 0x0000000100000000)
   the space 524288K,  17% used [0x00000000e0000000, 0x00000000e57a9b30, 0x00000000e57a9c00, 0x0000000100000000)
 Metaspace       used 65794K, capacity 68990K, committed 69120K, reserved 1110016K
  class space    used 8456K, capacity 9381K, committed 9472K, reserved 1048576K
Event: 213.338 GC heap after
Heap after GC invocations=26 (full 3):
 def new generation   total 235968K, used 13535K [0x00000000d0000000, 0x00000000e0000000, 0x00000000e0000000)
  eden space 209792K,   0% used [0x00000000d0000000, 0x00000000d0000000, 0x00000000dcce0000)
  from space 26176K,  51% used [0x00000000de670000, 0x00000000df3a7f40, 0x00000000e0000000)
  to   space 26176K,   0% used [0x00000000dcce0000, 0x00000000dcce0000, 0x00000000de670000)
 tenured generation   total 524288K, used 93408K [0x00000000e0000000, 0x0000000100000000, 0x0000000100000000)
   the space 524288K,  17% used [0x00000000e0000000, 0x00000000e5b38388, 0x00000000e5b38400, 0x0000000100000000)
 Metaspace       used 65794K, capacity 68990K, committed 69120K, reserved 1110016K
  class space    used 8456K, capacity 9381K, committed 9472K, reserved 1048576K
}
Event: 676.795 GC heap before
{Heap before GC invocations=26 (full 3):
 def new generation   total 235968K, used 223327K [0x00000000d0000000, 0x00000000e0000000, 0x00000000e0000000)
  eden space 209792K, 100% used [0x00000000d0000000, 0x00000000dcce0000, 0x00000000dcce0000)
  from space 26176K,  51% used [0x00000000de670000, 0x00000000df3a7f40, 0x00000000e0000000)
  to   space 26176K,   0% used [0x00000000dcce0000, 0x00000000dcce0000, 0x00000000de670000)
 tenured generation   total 524288K, used 93408K [0x00000000e0000000, 0x0000000100000000, 0x0000000100000000)
   the space 524288K,  17% used [0x00000000e0000000, 0x00000000e5b38388, 0x00000000e5b38400, 0x0000000100000000)
 Metaspace       used 66341K, capacity 69656K, committed 69760K, reserved 1110016K
  class space    used 8575K, capacity 9547K, committed 9600K, reserved 1048576K
Event: 676.884 GC heap after
Heap after GC invocations=27 (full 3):
 def new generation   total 235968K, used 11152K [0x00000000d0000000, 0x00000000e0000000, 0x00000000e0000000)
  eden space 209792K,   0% used [0x00000000d0000000, 0x00000000d0000000, 0x00000000dcce0000)
  from space 26176K,  42% used [0x00000000dcce0000, 0x00000000dd7c4008, 0x00000000de670000)
  to   space 26176K,   0% used [0x00000000de670000, 0x00000000de670000, 0x00000000e0000000)
 tenured generation   total 524288K, used 98699K [0x00000000e0000000, 0x0000000100000000, 0x0000000100000000)
   the space 524288K,  18% used [0x00000000e0000000, 0x00000000e6062fc8, 0x00000000e6063000, 0x0000000100000000)
 Metaspace       used 66341K, capacity 69656K, committed 69760K, reserved 1110016K
  class space    used 8575K, capacity 9547K, committed 9600K, reserved 1048576K
}

