# JRE version: OpenJDK Runtime Environment (8.0_181-b13) (build 1.8.0_181-8u181-b13-2~deb9u1-b13)
# Java VM: OpenJDK 64-Bit Server VM (25.181-b13 mixed mode linux-amd64 compressed oops)
Heap:
 def new generation   total 235968K, used 213821K [0x00000000d0000000, 0x00000000e0000000, 0x00000000e0000000)
  eden space 209792K,  94% used [0x00000000d0000000, 0x00000000dc193b88, 0x00000000dcce0000)
  from space 26176K,  59% used [0x00000000de670000, 0x00000000df5ab8d8, 0x00000000e0000000)
  to   space 26176K,   0% used [0x00000000dcce0000, 0x00000000dcce0000, 0x00000000de670000)
 tenured generation   total 524288K, used 91447K [0x00000000e0000000, 0x0000000100000000, 0x0000000100000000)
   the space 524288K,  17% used [0x00000000e0000000, 0x00000000e594df00, 0x00000000e594e000, 0x0000000100000000)
 Metaspace       used 67129K, capacity 70226K, committed 70528K, reserved 1110016K
  class space    used 8608K, capacity 9537K, committed 9600K, reserved 1048576K
GC Heap History (10 events):
Event: 13.238 GC heap before
{Heap before GC invocations=19 (full 2):
 def new generation   total 235968K, used 223989K [0x00000000d0000000, 0x00000000e0000000, 0x00000000e0000000)
  eden space 209792K,  99% used [0x00000000d0000000, 0x00000000dcb28810, 0x00000000dcce0000)
  from space 26176K,  60% used [0x00000000de670000, 0x00000000df604f08, 0x00000000e0000000)
  to   space 26176K,   0% used [0x00000000dcce0000, 0x00000000dcce0000, 0x00000000de670000)
 tenured generation   total 524288K, used 67681K [0x00000000e0000000, 0x0000000100000000, 0x0000000100000000)
   the space 524288K,  12% used [0x00000000e0000000, 0x00000000e4218430, 0x00000000e4218600, 0x0000000100000000)
 Metaspace       used 57764K, capacity 58882K, committed 59028K, reserved 1101824K
  class space    used 7042K, capacity 7302K, committed 7424K, reserved 1048576K
Event: 13.477 GC heap after
Heap after GC invocations=20 (full 3):
 def new generation   total 235968K, used 0K [0x00000000d0000000, 0x00000000e0000000, 0x00000000e0000000)
  eden space 209792K,   0% used [0x00000000d0000000, 0x00000000d0000000, 0x00000000dcce0000)
  from space 26176K,   0% used [0x00000000de670000, 0x00000000de670000, 0x00000000e0000000)
  to   space 26176K,   0% used [0x00000000dcce0000, 0x00000000dcce0000, 0x00000000de670000)
 tenured generation   total 524288K, used 86925K [0x00000000e0000000, 0x0000000100000000, 0x0000000100000000)
   the space 524288K,  16% used [0x00000000e0000000, 0x00000000e54e3598, 0x00000000e54e3600, 0x0000000100000000)
 Metaspace       used 57764K, capacity 58882K, committed 59028K, reserved 1101824K
  class space    used 7042K, capacity 7302K, committed 7424K, reserved 1048576K
}
Event: 17.181 GC heap before
{Heap before GC invocations=20 (full 3):
 def new generation   total 235968K, used 209792K [0x00000000d0000000, 0x00000000e0000000, 0x00000000e0000000)
  eden space 209792K, 100% used [0x00000000d0000000, 0x00000000dcce0000, 0x00000000dcce0000)
  from space 26176K,   0% used [0x00000000de670000, 0x00000000de670000, 0x00000000e0000000)
  to   space 26176K,   0% used [0x00000000dcce0000, 0x00000000dcce0000, 0x00000000de670000)
 tenured generation   total 524288K, used 86925K [0x00000000e0000000, 0x0000000100000000, 0x0000000100000000)
   the space 524288K,  16% used [0x00000000e0000000, 0x00000000e54e3598, 0x00000000e54e3600, 0x0000000100000000)
 Metaspace       used 61300K, capacity 62528K, committed 62720K, reserved 1103872K
  class space    used 7572K, capacity 7893K, committed 7936K, reserved 1048576K
Event: 17.226 GC heap after
Heap after GC invocations=21 (full 3):
 def new generation   total 235968K, used 6702K [0x00000000d0000000, 0x00000000e0000000, 0x00000000e0000000)
  eden space 209792K,   0% used [0x00000000d0000000, 0x00000000d0000000, 0x00000000dcce0000)
  from space 26176K,  25% used [0x00000000dcce0000, 0x00000000dd36ba88, 0x00000000de670000)
  to   space 26176K,   0% used [0x00000000de670000, 0x00000000de670000, 0x00000000e0000000)
 tenured generation   total 524288K, used 86925K [0x00000000e0000000, 0x0000000100000000, 0x0000000100000000)
   the space 524288K,  16% used [0x00000000e0000000, 0x00000000e54e3598, 0x00000000e54e3600, 0x0000000100000000)
 Metaspace       used 61300K, capacity 62528K, committed 62720K, reserved 1103872K
  class space    used 7572K, capacity 7893K, committed 7936K, reserved 1048576K
}
Event: 19.564 GC heap before
{Heap before GC invocations=21 (full 3):
 def new generation   total 235968K, used 216494K [0x00000000d0000000, 0x00000000e0000000, 0x00000000e0000000)
  eden space 209792K, 100% used [0x00000000d0000000, 0x00000000dcce0000, 0x00000000dcce0000)
  from space 26176K,  25% used [0x00000000dcce0000, 0x00000000dd36ba88, 0x00000000de670000)
  to   space 26176K,   0% used [0x00000000de670000, 0x00000000de670000, 0x00000000e0000000)
 tenured generation   total 524288K, used 86925K [0x00000000e0000000, 0x0000000100000000, 0x0000000100000000)
   the space 524288K,  16% used [0x00000000e0000000, 0x00000000e54e3598, 0x00000000e54e3600, 0x0000000100000000)
 Metaspace       used 62548K, capacity 64008K, committed 64128K, reserved 1105920K
  class space    used 7787K, capacity 8215K, committed 8320K, reserved 1048576K
Event: 19.626 GC heap after
Heap after GC invocations=22 (full 3):
 def new generation   total 235968K, used 9866K [0x00000000d0000000, 0x00000000e0000000, 0x00000000e0000000)
  eden space 209792K,   0% used [0x00000000d0000000, 0x00000000d0000000, 0x00000000dcce0000)
  from space 26176K,  37% used [0x00000000de670000, 0x00000000df012bd8, 0x00000000e0000000)
  to   space 26176K,   0% used [0x00000000dcce0000, 0x00000000dcce0000, 0x00000000de670000)
 tenured generation   total 524288K, used 86925K [0x00000000e0000000, 0x0000000100000000, 0x0000000100000000)
   the space 524288K,  16% used [0x00000000e0000000, 0x00000000e54e3598, 0x00000000e54e3600, 0x0000000100000000)
 Metaspace       used 62548K, capacity 64008K, committed 64128K, reserved 1105920K
  class space    used 7787K, capacity 8215K, committed 8320K, reserved 1048576K
}
Event: 21.964 GC heap before
{Heap before GC invocations=22 (full 3):
 def new generation   total 235968K, used 219658K [0x00000000d0000000, 0x00000000e0000000, 0x00000000e0000000)
  eden space 209792K, 100% used [0x00000000d0000000, 0x00000000dcce0000, 0x00000000dcce0000)
  from space 26176K,  37% used [0x00000000de670000, 0x00000000df012bd8, 0x00000000e0000000)
  to   space 26176K,   0% used [0x00000000dcce0000, 0x00000000dcce0000, 0x00000000de670000)
 tenured generation   total 524288K, used 86925K [0x00000000e0000000, 0x0000000100000000, 0x0000000100000000)
   the space 524288K,  16% used [0x00000000e0000000, 0x00000000e54e3598, 0x00000000e54e3600, 0x0000000100000000)
 Metaspace       used 64029K, capacity 65860K, committed 66048K, reserved 1105920K
  class space    used 8062K, capacity 8664K, committed 8704K, reserved 1048576K
Event: 22.048 GC heap after
Heap after GC invocations=23 (full 3):
 def new generation   total 235968K, used 14826K [0x00000000d0000000, 0x00000000e0000000, 0x00000000e0000000)
  eden space 209792K,   0% used [0x00000000d0000000, 0x00000000d0000000, 0x00000000dcce0000)
  from space 26176K,  56% used [0x00000000dcce0000, 0x00000000ddb5a800, 0x00000000de670000)
  to   space 26176K,   0% used [0x00000000de670000, 0x00000000de670000, 0x00000000e0000000)
 tenured generation   total 524288K, used 86925K [0x00000000e0000000, 0x0000000100000000, 0x0000000100000000)
   the space 524288K,  16% used [0x00000000e0000000, 0x00000000e54e3598, 0x00000000e54e3600, 0x0000000100000000)
 Metaspace       used 64029K, capacity 65860K, committed 66048K, reserved 1105920K
  class space    used 8062K, capacity 8664K, committed 8704K, reserved 1048576K
}
Event: 29.565 GC heap before
{Heap before GC invocations=23 (full 3):
 def new generation   total 235968K, used 224618K [0x00000000d0000000, 0x00000000e0000000, 0x00000000e0000000)
  eden space 209792K, 100% used [0x00000000d0000000, 0x00000000dcce0000, 0x00000000dcce0000)
  from space 26176K,  56% used [0x00000000dcce0000, 0x00000000ddb5a800, 0x00000000de670000)
  to   space 26176K,   0% used [0x00000000de670000, 0x00000000de670000, 0x00000000e0000000)
 tenured generation   total 524288K, used 86925K [0x00000000e0000000, 0x0000000100000000, 0x0000000100000000)
   the space 524288K,  16% used [0x00000000e0000000, 0x00000000e54e3598, 0x00000000e54e3600, 0x0000000100000000)
 Metaspace       used 65554K, capacity 68440K, committed 68736K, reserved 1107968K
  class space    used 8398K, capacity 9273K, committed 9344K, reserved 1048576K
Event: 29.670 GC heap after
Heap after GC invocations=24 (full 3):
 def new generation   total 235968K, used 15598K [0x00000000d0000000, 0x00000000e0000000, 0x00000000e0000000)
  eden space 209792K,   0% used [0x00000000d0000000, 0x00000000d0000000, 0x00000000dcce0000)
  from space 26176K,  59% used [0x00000000de670000, 0x00000000df5ab8d8, 0x00000000e0000000)
  to   space 26176K,   0% used [0x00000000dcce0000, 0x00000000dcce0000, 0x00000000de670000)
 tenured generation   total 524288K, used 91447K [0x00000000e0000000, 0x0000000100000000, 0x0000000100000000)
   the space 524288K,  17% used [0x00000000e0000000, 0x00000000e594df00, 0x00000000e594e000, 0x0000000100000000)
 Metaspace       used 65554K, capacity 68440K, committed 68736K, reserved 1107968K
  class space    used 8398K, capacity 9273K, committed 9344K, reserved 1048576K
}

